<?xml version="1.0" encoding="UTF-8"?>
<testng-results ignored="0" total="1" passed="1" failed="0" skipped="0">
  <reporter-output>
  </reporter-output>
  <suite started-at="2020-08-17T15:48:09 CDT" name="Default Suite" finished-at="2020-08-17T15:48:27 CDT" duration-ms="18732">
    <groups>
    </groups>
    <test started-at="2020-08-17T15:48:09 CDT" name="regimen_profiler" finished-at="2020-08-17T15:48:27 CDT" duration-ms="18732">
      <class name="com.mck.rp.tetscases.RegimenAnalysis.PracticeAnalysis.PracticeAnalysisSearch">
        <test-method is-config="true" signature="beforeSuite()[pri:0, instance:com.mck.rp.tetscases.RegimenAnalysis.PracticeAnalysis.PracticeAnalysisSearch@6771beb3]" started-at="2020-08-17T15:48:08 CDT" name="beforeSuite" finished-at="2020-08-17T15:48:09 CDT" duration-ms="11" status="PASS">
          <reporter-output>
          </reporter-output>
        </test-method> <!-- beforeSuite -->
        <test-method is-config="true" signature="setUp()[pri:0, instance:com.mck.rp.tetscases.RegimenAnalysis.PracticeAnalysis.PracticeAnalysisSearch@6771beb3]" started-at="2020-08-17T15:48:09 CDT" name="setUp" finished-at="2020-08-17T15:48:17 CDT" duration-ms="8894" status="PASS">
          <reporter-output>
          </reporter-output>
        </test-method> <!-- setUp -->
        <test-method signature="pracSearch()[pri:0, instance:com.mck.rp.tetscases.RegimenAnalysis.PracticeAnalysis.PracticeAnalysisSearch@6771beb3]" started-at="2020-08-17T15:48:17 CDT" name="pracSearch" finished-at="2020-08-17T15:48:27 CDT" duration-ms="9711" status="PASS">
          <reporter-output>
          </reporter-output>
        </test-method> <!-- pracSearch -->
        <test-method is-config="true" signature="tearDown()[pri:0, instance:com.mck.rp.tetscases.RegimenAnalysis.PracticeAnalysis.PracticeAnalysisSearch@6771beb3]" started-at="2020-08-17T15:48:27 CDT" name="tearDown" finished-at="2020-08-17T15:48:27 CDT" duration-ms="105" status="PASS">
          <reporter-output>
          </reporter-output>
        </test-method> <!-- tearDown -->
        <test-method is-config="true" signature="afterSuite()[pri:0, instance:com.mck.rp.tetscases.RegimenAnalysis.PracticeAnalysis.PracticeAnalysisSearch@6771beb3]" started-at="2020-08-17T15:48:27 CDT" name="afterSuite" finished-at="2020-08-17T15:48:27 CDT" duration-ms="0" status="PASS">
          <reporter-output>
          </reporter-output>
        </test-method> <!-- afterSuite -->
      </class> <!-- com.mck.rp.tetscases.RegimenAnalysis.PracticeAnalysis.PracticeAnalysisSearch -->
    </test> <!-- regimen_profiler -->
  </suite> <!-- Default Suite -->
</testng-results>
